1:C 07 Mar 2021 21:50:12.194 # oO0OoO0OoO0Oo Redis is starting oO0OoO0OoO0Oo
1:C 07 Mar 2021 21:50:12.199 # Redis version=5.0.12, bits=64, commit=00000000, modified=0, pid=1, just started
1:C 07 Mar 2021 21:50:12.202 # Configuration loaded
                _._                                                  
           _.-``__ ''-._                                             
      _.-``    `.  `_.  ''-._           Redis 5.0.12 (00000000/0) 64 bit
  .-`` .-```.  ```\/    _.,_ ''-._                                   
 (    '      ,       .-`  | `,    )     Running in standalone mode
 |`-._`-...-` __...-.``-._|'` _.-'|     Port: 6379
 |    `-._   `._    /     _.-'    |     PID: 1
  `-._    `-._  `-./  _.-'    _.-'                                   
 |`-._`-._    `-.__.-'    _.-'_.-'|                                  
 |    `-._`-._        _.-'_.-'    |           http://redis.io        
  `-._    `-._`-.__.-'_.-'    _.-'                                   
 |`-._`-._    `-.__.-'    _.-'_.-'|                                  
 |    `-._`-._        _.-'_.-'    |                                  
  `-._    `-._`-.__.-'_.-'    _.-'                                   
      `-._    `-.__.-'    _.-'                                       
          `-._        _.-'                                           
              `-.__.-'                                               

1:M 07 Mar 2021 21:50:12.221 # WARNING: The TCP backlog setting of 511 cannot be enforced because /proc/sys/net/core/somaxconn is set to the lower value of 128.
1:M 07 Mar 2021 21:50:12.224 # Server initialized
1:M 07 Mar 2021 21:50:12.227 # WARNING you have Transparent Huge Pages (THP) support enabled in your kernel. This will create latency and memory usage issues with Redis. To fix this issue run the command 'echo never > /sys/kernel/mm/transparent_hugepage/enabled' as root, and add it to your /etc/rc.local in order to retain the setting after a reboot. Redis must be restarted after THP is disabled.
1:M 07 Mar 2021 21:50:12.230 * Ready to accept connections
1:signal-handler (1615125157) Received SIGTERM scheduling shutdown...
1:M 07 Mar 2021 21:52:37.790 # User requested shutdown...
1:M 07 Mar 2021 21:52:37.795 * Calling fsync() on the AOF file.
1:M 07 Mar 2021 21:52:37.797 * Saving the final RDB snapshot before exiting.
1:M 07 Mar 2021 21:52:37.807 * DB saved on disk
1:M 07 Mar 2021 21:52:37.810 * Removing the pid file.
1:M 07 Mar 2021 21:52:37.813 # Redis is now ready to exit, bye bye...
1:C 07 Mar 2021 21:52:39.001 # oO0OoO0OoO0Oo Redis is starting oO0OoO0OoO0Oo
1:C 07 Mar 2021 21:52:39.003 # Redis version=5.0.12, bits=64, commit=00000000, modified=0, pid=1, just started
1:C 07 Mar 2021 21:52:39.005 # Configuration loaded
                _._                                                  
           _.-``__ ''-._                                             
      _.-``    `.  `_.  ''-._           Redis 5.0.12 (00000000/0) 64 bit
  .-`` .-```.  ```\/    _.,_ ''-._                                   
 (    '      ,       .-`  | `,    )     Running in standalone mode
 |`-._`-...-` __...-.``-._|'` _.-'|     Port: 6379
 |    `-._   `._    /     _.-'    |     PID: 1
  `-._    `-._  `-./  _.-'    _.-'                                   
 |`-._`-._    `-.__.-'    _.-'_.-'|                                  
 |    `-._`-._        _.-'_.-'    |           http://redis.io        
  `-._    `-._`-.__.-'_.-'    _.-'                                   
 |`-._`-._    `-.__.-'    _.-'_.-'|                                  
 |    `-._`-._        _.-'_.-'    |                                  
  `-._    `-._`-.__.-'_.-'    _.-'                                   
      `-._    `-.__.-'    _.-'                                       
          `-._        _.-'                                           
              `-.__.-'                                               

1:M 07 Mar 2021 21:52:39.011 # WARNING: The TCP backlog setting of 511 cannot be enforced because /proc/sys/net/core/somaxconn is set to the lower value of 128.
1:M 07 Mar 2021 21:52:39.013 # Server initialized
1:M 07 Mar 2021 21:52:39.015 # WARNING you have Transparent Huge Pages (THP) support enabled in your kernel. This will create latency and memory usage issues with Redis. To fix this issue run the command 'echo never > /sys/kernel/mm/transparent_hugepage/enabled' as root, and add it to your /etc/rc.local in order to retain the setting after a reboot. Redis must be restarted after THP is disabled.
1:M 07 Mar 2021 21:52:39.018 * Ready to accept connections
1:signal-handler (1615125281) Received SIGTERM scheduling shutdown...
1:M 07 Mar 2021 21:54:41.652 # User requested shutdown...
1:M 07 Mar 2021 21:54:41.654 * Calling fsync() on the AOF file.
1:M 07 Mar 2021 21:54:41.656 * Saving the final RDB snapshot before exiting.
1:M 07 Mar 2021 21:54:41.661 * DB saved on disk
1:M 07 Mar 2021 21:54:41.663 * Removing the pid file.
1:M 07 Mar 2021 21:54:41.665 # Redis is now ready to exit, bye bye...
1:C 07 Mar 2021 21:54:42.875 # oO0OoO0OoO0Oo Redis is starting oO0OoO0OoO0Oo
1:C 07 Mar 2021 21:54:42.878 # Redis version=5.0.12, bits=64, commit=00000000, modified=0, pid=1, just started
1:C 07 Mar 2021 21:54:42.882 # Configuration loaded
                _._                                                  
           _.-``__ ''-._                                             
      _.-``    `.  `_.  ''-._           Redis 5.0.12 (00000000/0) 64 bit
  .-`` .-```.  ```\/    _.,_ ''-._                                   
 (    '      ,       .-`  | `,    )     Running in standalone mode
 |`-._`-...-` __...-.``-._|'` _.-'|     Port: 6379
 |    `-._   `._    /     _.-'    |     PID: 1
  `-._    `-._  `-./  _.-'    _.-'                                   
 |`-._`-._    `-.__.-'    _.-'_.-'|                                  
 |    `-._`-._        _.-'_.-'    |           http://redis.io        
  `-._    `-._`-.__.-'_.-'    _.-'                                   
 |`-._`-._    `-.__.-'    _.-'_.-'|                                  
 |    `-._`-._        _.-'_.-'    |                                  
  `-._    `-._`-.__.-'_.-'    _.-'                                   
      `-._    `-.__.-'    _.-'                                       
          `-._        _.-'                                           
              `-.__.-'                                               

1:M 07 Mar 2021 21:54:42.894 # WARNING: The TCP backlog setting of 511 cannot be enforced because /proc/sys/net/core/somaxconn is set to the lower value of 128.
1:M 07 Mar 2021 21:54:42.897 # Server initialized
1:M 07 Mar 2021 21:54:42.900 # WARNING you have Transparent Huge Pages (THP) support enabled in your kernel. This will create latency and memory usage issues with Redis. To fix this issue run the command 'echo never > /sys/kernel/mm/transparent_hugepage/enabled' as root, and add it to your /etc/rc.local in order to retain the setting after a reboot. Redis must be restarted after THP is disabled.
1:M 07 Mar 2021 21:54:42.906 * Ready to accept connections
